Using pre-set license
Built from '2020.3/staging' branch; Version is '2020.3.14f1 (d0d1bb862f9d) revision 13685179'; Using compiler version '192528614'; Build Type 'Release'
OS: 'Windows 10 Home; OS build 19043.1110; Version 2009; 64bit' Language: 'pl' Physical Memory: 8070 MB
BatchMode: 1, IsHumanControllingUs: 0, StartBugReporterOnCrash: 0, Is64bit: 1, IsPro: 0

 COMMAND LINE ARGUMENTS:
D:\Unity\2020.3.14f1\Editor\Unity.exe
-adb2
-batchMode
-noUpm
-name
AssetImportWorker0
-projectPath
D:/Unity Projects/TowerDefense/TowerDefense
-logFile
Logs/AssetImportWorker0.log
-srvPort
63757
Successfully changed project path to: D:/Unity Projects/TowerDefense/TowerDefense
D:/Unity Projects/TowerDefense/TowerDefense
Using Asset Import Pipeline V2.
Refreshing native plugins compatible for Editor in 28.80 ms, found 2 plugins.
Preloading 0 native plugins for Editor in 0.00 ms.
Initialize engine version: 2020.3.14f1 (d0d1bb862f9d)
[Subsystems] Discovering subsystems at path D:/Unity/2020.3.14f1/Editor/Data/Resources/UnitySubsystems
[Subsystems] Discovering subsystems at path D:/Unity Projects/TowerDefense/TowerDefense/Assets
GfxDevice: creating device client; threaded=0
Direct3D:
    Version:  Direct3D 11.0 [level 11.0]
    Renderer: NVIDIA GeForce GTX 650 Ti (ID=0x11c6)
    Vendor:   
    VRAM:     984 MB
    Driver:   30.0.14.7141
Initialize mono
Mono path[0] = 'D:/Unity/2020.3.14f1/Editor/Data/Managed'
Mono path[1] = 'D:/Unity/2020.3.14f1/Editor/Data/MonoBleedingEdge/lib/mono/unityjit'
Mono config path = 'D:/Unity/2020.3.14f1/Editor/Data/MonoBleedingEdge/etc'
Using monoOptions --debugger-agent=transport=dt_socket,embedding=1,server=y,suspend=n,address=127.0.0.1:56132
Begin MonoManager ReloadAssembly
Registering precompiled unity dll's ...
Register platform support module: D:/Unity/2020.3.14f1/Editor/Data/PlaybackEngines/WindowsStandaloneSupport/UnityEditor.WindowsStandalone.Extensions.dll
Registered in 0.001514 seconds.
Native extension for WindowsStandalone target not found
Refreshing native plugins compatible for Editor in 27.53 ms, found 2 plugins.
Preloading 0 native plugins for Editor in 0.00 ms.
Mono: successfully reloaded assembly
- Completed reload, in  1.055 seconds
Domain Reload Profiling:
	ReloadAssembly (1055ms)
		BeginReloadAssembly (64ms)
			ExecutionOrderSort (0ms)
			DisableScriptedObjects (0ms)
			BackupInstance (0ms)
			ReleaseScriptingObjects (0ms)
			CreateAndSetChildDomain (1ms)
		EndReloadAssembly (462ms)
			LoadAssemblies (63ms)
			RebuildTransferFunctionScriptingTraits (0ms)
			SetupTypeCache (171ms)
			ReleaseScriptCaches (0ms)
			RebuildScriptCaches (41ms)
			SetupLoadedEditorAssemblies (178ms)
				LogAssemblyErrors (0ms)
				InitializePlatformSupportModulesInManaged (4ms)
				SetLoadedEditorAssemblies (0ms)
				RefreshPlugins (28ms)
				BeforeProcessingInitializeOnLoad (16ms)
				ProcessInitializeOnLoadAttributes (96ms)
				ProcessInitializeOnLoadMethodAttributes (33ms)
				AfterProcessingInitializeOnLoad (0ms)
				EditorAssembliesLoaded (0ms)
			ExecutionOrderSort2 (0ms)
			AwakeInstancesAfterBackupRestoration (0ms)
Platform modules already initialized, skipping
Registering precompiled user dll's ...
Registered in 0.003011 seconds.
Begin MonoManager ReloadAssembly
Native extension for WindowsStandalone target not found
Refreshing native plugins compatible for Editor in 0.33 ms, found 2 plugins.
Preloading 0 native plugins for Editor in 0.00 ms.
Mono: successfully reloaded assembly
- Completed reload, in  1.121 seconds
Domain Reload Profiling:
	ReloadAssembly (1122ms)
		BeginReloadAssembly (170ms)
			ExecutionOrderSort (0ms)
			DisableScriptedObjects (5ms)
			BackupInstance (0ms)
			ReleaseScriptingObjects (0ms)
			CreateAndSetChildDomain (25ms)
		EndReloadAssembly (889ms)
			LoadAssemblies (98ms)
			RebuildTransferFunctionScriptingTraits (0ms)
			SetupTypeCache (303ms)
			ReleaseScriptCaches (0ms)
			RebuildScriptCaches (44ms)
			SetupLoadedEditorAssemblies (354ms)
				LogAssemblyErrors (0ms)
				InitializePlatformSupportModulesInManaged (5ms)
				SetLoadedEditorAssemblies (0ms)
				RefreshPlugins (0ms)
				BeforeProcessingInitializeOnLoad (89ms)
				ProcessInitializeOnLoadAttributes (249ms)
				ProcessInitializeOnLoadMethodAttributes (5ms)
				AfterProcessingInitializeOnLoad (5ms)
				EditorAssembliesLoaded (0ms)
			ExecutionOrderSort2 (0ms)
			AwakeInstancesAfterBackupRestoration (7ms)
Platform modules already initialized, skipping
========================================================================
Worker process is ready to serve import requests
Launched and connected shader compiler UnityShaderCompiler.exe after 0.06 seconds
Refreshing native plugins compatible for Editor in 0.34 ms, found 2 plugins.
Preloading 0 native plugins for Editor in 0.00 ms.
Unloading 1390 Unused Serialized files (Serialized files now loaded: 0)
System memory in use before: 64.8 MB.
System memory in use after: 64.9 MB.

Unloading 19 unused Assets to reduce memory usage. Loaded Objects now: 1823.
Total: 2.413900 ms (FindLiveObjects: 0.193700 ms CreateObjectMapping: 0.113800 ms MarkObjects: 2.013500 ms  DeleteObjects: 0.091700 ms)

AssetImportParameters requested are different than current active one (requested -> active):
  custom:framework-win-MediaFoundation: 216162199b28c13a410421893ffa2e32 -> 
  custom:video-decoder-ogg-theora: a1e56fd34408186e4bbccfd4996cb3dc -> 
  custom:container-muxer-webm: aa71ff27fc2769a1b78a27578f13a17b -> 
  custom:container-demuxer-webm: 4f35f7cbe854078d1ac9338744f61a02 -> 
  custom:container-demuxer-ogg: 62fdf1f143b41e24485cea50d1cbac27 -> 
  custom:video-encoder-webm-vp8: eb34c28f22e8b96e1ab97ce403110664 -> 
  custom:video-decoder-webm-vp8: 9c59270c3fd7afecdb556c50c9e8de78 -> 
  custom:audio-decoder-ogg-vorbis: bf7c407c2cedff20999df2af8eb42d56 -> 
  custom:audio-encoder-webm-vorbis: bf7c407c2cedff20999df2af8eb42d56 -> 
========================================================================
Received Import Request.
  path: Assets/Materials
  artifactKey: Guid(ffb67891e068cc8459f2416903e34ee7) Importer(815301076,1909f56bfc062723c751e8b465ee728b)
Start importing Assets/Materials using Guid(ffb67891e068cc8459f2416903e34ee7) Importer(815301076,1909f56bfc062723c751e8b465ee728b)  -> (artifact id: '930bf085d04159f033db3510dfd73e01') in 0.012351 seconds 
  Import took 0.015096 seconds .

========================================================================
Received Import Request.
  Time since last request: 1.145369 seconds.
  path: Assets/Materials/Ground.mat
  artifactKey: Guid(8a8d0c24069d706449abc50211f22173) Importer(815301076,1909f56bfc062723c751e8b465ee728b)
Start importing Assets/Materials/Ground.mat using Guid(8a8d0c24069d706449abc50211f22173) Importer(815301076,1909f56bfc062723c751e8b465ee728b)  -> (artifact id: '471b5f844f74c9c67af7e8dff8eb1f38') in 0.164326 seconds 
  Import took 0.167804 seconds .

========================================================================
Received Import Request.
  Time since last request: 1533.693119 seconds.
  path: Assets/Materials/Start.mat
  artifactKey: Guid(b819e7fb3c24bdb4f9b89ee23a2c251e) Importer(815301076,1909f56bfc062723c751e8b465ee728b)
Start importing Assets/Materials/Start.mat using Guid(b819e7fb3c24bdb4f9b89ee23a2c251e) Importer(815301076,1909f56bfc062723c751e8b465ee728b)  -> (artifact id: 'e2726951d1f7b2b4e62fd3dc479c9595') in 0.035692 seconds 
  Import took 0.039836 seconds .

========================================================================
Received Import Request.
  Time since last request: 1.392708 seconds.
  path: Assets/Materials/Ground.mat
  artifactKey: Guid(8a8d0c24069d706449abc50211f22173) Importer(815301076,1909f56bfc062723c751e8b465ee728b)
Start importing Assets/Materials/Ground.mat using Guid(8a8d0c24069d706449abc50211f22173) Importer(815301076,1909f56bfc062723c751e8b465ee728b)  -> (artifact id: '6b11cb3985a33eeaff6c54915e22a33b') in 0.027891 seconds 
  Import took 0.034116 seconds .

========================================================================
Received Import Request.
  Time since last request: 2.943991 seconds.
  path: Assets/Materials/End.mat
  artifactKey: Guid(406f97589c5641041a7eb37fcfc1217b) Importer(815301076,1909f56bfc062723c751e8b465ee728b)
Start importing Assets/Materials/End.mat using Guid(406f97589c5641041a7eb37fcfc1217b) Importer(815301076,1909f56bfc062723c751e8b465ee728b)  -> (artifact id: '8b4550fc93da04a61b088c584a7286a8') in 0.031626 seconds 
  Import took 0.035156 seconds .

========================================================================
Received Import Request.
  Time since last request: 224.889309 seconds.
  path: Assets/Prefabs/Start.prefab
  artifactKey: Guid(46e02a167c524df408421882270925a4) Importer(815301076,1909f56bfc062723c751e8b465ee728b)
Start importing Assets/Prefabs/Start.prefab using Guid(46e02a167c524df408421882270925a4) Importer(815301076,1909f56bfc062723c751e8b465ee728b)  -> (artifact id: 'e9bc9ec87489f37459fd0992018739ea') in 0.039129 seconds 
  Import took 0.044013 seconds .

========================================================================
Received Import Request.
  Time since last request: 0.007690 seconds.
  path: Assets/Prefabs/Start.prefab
  artifactKey: Guid(46e02a167c524df408421882270925a4) Importer(815301076,1909f56bfc062723c751e8b465ee728b)
Start importing Assets/Prefabs/Start.prefab using Guid(46e02a167c524df408421882270925a4) Importer(815301076,1909f56bfc062723c751e8b465ee728b)  -> (artifact id: 'e9bc9ec87489f37459fd0992018739ea') in 0.015649 seconds 
  Import took 0.019787 seconds .

========================================================================
Received Import Request.
  Time since last request: 1.507300 seconds.
  path: Assets/Prefabs/End.prefab
  artifactKey: Guid(c62b0370a6ff999429d17b95fb200e4e) Importer(815301076,1909f56bfc062723c751e8b465ee728b)
Start importing Assets/Prefabs/End.prefab using Guid(c62b0370a6ff999429d17b95fb200e4e) Importer(815301076,1909f56bfc062723c751e8b465ee728b)  -> (artifact id: '953bf45ae3adf1404898805d023e4602') in 0.026371 seconds 
  Import took 0.030764 seconds .

========================================================================
Received Import Request.
  Time since last request: 16.664116 seconds.
  path: Assets/Prefabs/Node.prefab
  artifactKey: Guid(479a5aeb24820664ba51b58088e8d50d) Importer(815301076,1909f56bfc062723c751e8b465ee728b)
Start importing Assets/Prefabs/Node.prefab using Guid(479a5aeb24820664ba51b58088e8d50d) Importer(815301076,1909f56bfc062723c751e8b465ee728b)  -> (artifact id: '4b59e0162bc96ef9757ce7cab7c102f5') in 0.014941 seconds 
  Import took 0.017832 seconds .

========================================================================
Received Import Request.
  Time since last request: 91.007777 seconds.
  path: Assets/Materials/Nodes.mat
  artifactKey: Guid(0703fb43ade32fa48a7ca22edc11c3b1) Importer(815301076,1909f56bfc062723c751e8b465ee728b)
Start importing Assets/Materials/Nodes.mat using Guid(0703fb43ade32fa48a7ca22edc11c3b1) Importer(815301076,1909f56bfc062723c751e8b465ee728b)  -> (artifact id: 'dd6f34fc14f90fc710a0e9bc3a43fe10') in 0.032960 seconds 
  Import took 0.039237 seconds .

========================================================================
Received Import Request.
  Time since last request: 281.875540 seconds.
  path: Assets/Materials/GroundPlane.mat
  artifactKey: Guid(f4e3c252125d3ea4da104356ea07fbcc) Importer(815301076,1909f56bfc062723c751e8b465ee728b)
Start importing Assets/Materials/GroundPlane.mat using Guid(f4e3c252125d3ea4da104356ea07fbcc) Importer(815301076,1909f56bfc062723c751e8b465ee728b)  -> (artifact id: 'e0631c8a480b8450dc8567a93280a91c') in 0.029142 seconds 
  Import took 0.034140 seconds .

========================================================================
Received Import Request.
  Time since last request: 4283.535367 seconds.
  path: Assets/Materials/End.mat
  artifactKey: Guid(406f97589c5641041a7eb37fcfc1217b) Importer(815301076,1909f56bfc062723c751e8b465ee728b)
Start importing Assets/Materials/End.mat using Guid(406f97589c5641041a7eb37fcfc1217b) Importer(815301076,1909f56bfc062723c751e8b465ee728b)  -> (artifact id: 'd2dbb2fd997b2fa670a5c91c02610f94') in 0.047034 seconds 
  Import took 0.051779 seconds .

========================================================================
Received Import Request.
  Time since last request: 0.000401 seconds.
  path: Assets/Materials/GroundPlane.mat
  artifactKey: Guid(f4e3c252125d3ea4da104356ea07fbcc) Importer(815301076,1909f56bfc062723c751e8b465ee728b)
Start importing Assets/Materials/GroundPlane.mat using Guid(f4e3c252125d3ea4da104356ea07fbcc) Importer(815301076,1909f56bfc062723c751e8b465ee728b)  -> (artifact id: '771c740ac7c3431c06a6695f28745456') in 0.028334 seconds 
  Import took 0.032343 seconds .

========================================================================
Received Import Request.
  Time since last request: 0.000242 seconds.
  path: Assets/Materials/Start.mat
  artifactKey: Guid(b819e7fb3c24bdb4f9b89ee23a2c251e) Importer(815301076,1909f56bfc062723c751e8b465ee728b)
Start importing Assets/Materials/Start.mat using Guid(b819e7fb3c24bdb4f9b89ee23a2c251e) Importer(815301076,1909f56bfc062723c751e8b465ee728b)  -> (artifact id: '67188493dbfd87911e5975feb7b4e436') in 0.031678 seconds 
  Import took 0.039094 seconds .

========================================================================
Received Import Request.
  Time since last request: 0.000198 seconds.
  path: Assets/Materials/Ground.mat
  artifactKey: Guid(8a8d0c24069d706449abc50211f22173) Importer(815301076,1909f56bfc062723c751e8b465ee728b)
Start importing Assets/Materials/Ground.mat using Guid(8a8d0c24069d706449abc50211f22173) Importer(815301076,1909f56bfc062723c751e8b465ee728b)  -> (artifact id: '3d9eb900b61f677599ff8cdb13b37dd8') in 0.031590 seconds 
  Import took 0.035269 seconds .

AssetImportWorkerClient::OnTransportError - code=2 error=End of file
